28-Mar-2019 13:58:17.641 INFO [main] org.apache.catalina.startup.VersionLoggerListener.log Server version:        Apache Tomcat/8.5.39
28-Mar-2019 13:58:17.643 INFO [main] org.apache.catalina.startup.VersionLoggerListener.log Server built:          Mar 14 2019 11:24:26 UTC
28-Mar-2019 13:58:17.644 INFO [main] org.apache.catalina.startup.VersionLoggerListener.log Server number:         8.5.39.0
28-Mar-2019 13:58:17.644 INFO [main] org.apache.catalina.startup.VersionLoggerListener.log OS Name:               Mac OS X
28-Mar-2019 13:58:17.644 INFO [main] org.apache.catalina.startup.VersionLoggerListener.log OS Version:            10.14.2
28-Mar-2019 13:58:17.644 INFO [main] org.apache.catalina.startup.VersionLoggerListener.log Architecture:          x86_64
28-Mar-2019 13:58:17.644 INFO [main] org.apache.catalina.startup.VersionLoggerListener.log Java Home:             /Library/Java/JavaVirtualMachines/jdk1.8.0_161.jdk/Contents/Home/jre
28-Mar-2019 13:58:17.644 INFO [main] org.apache.catalina.startup.VersionLoggerListener.log JVM Version:           1.8.0_161-b12
28-Mar-2019 13:58:17.644 INFO [main] org.apache.catalina.startup.VersionLoggerListener.log JVM Vendor:            Oracle Corporation
28-Mar-2019 13:58:17.645 INFO [main] org.apache.catalina.startup.VersionLoggerListener.log CATALINA_BASE:         /Users/can/Downloads/my_project/jenkins-test/apache-tomcat-8.5.39
28-Mar-2019 13:58:17.645 INFO [main] org.apache.catalina.startup.VersionLoggerListener.log CATALINA_HOME:         /Users/can/Downloads/my_project/jenkins-test/apache-tomcat-8.5.39
28-Mar-2019 13:58:17.645 INFO [main] org.apache.catalina.startup.VersionLoggerListener.log Command line argument: -Djava.util.logging.config.file=/Users/can/Downloads/my_project/jenkins-test/apache-tomcat-8.5.39/conf/logging.properties
28-Mar-2019 13:58:17.646 INFO [main] org.apache.catalina.startup.VersionLoggerListener.log Command line argument: -Djava.util.logging.manager=org.apache.juli.ClassLoaderLogManager
28-Mar-2019 13:58:17.646 INFO [main] org.apache.catalina.startup.VersionLoggerListener.log Command line argument: -Djdk.tls.ephemeralDHKeySize=2048
28-Mar-2019 13:58:17.646 INFO [main] org.apache.catalina.startup.VersionLoggerListener.log Command line argument: -Djava.protocol.handler.pkgs=org.apache.catalina.webresources
28-Mar-2019 13:58:17.646 INFO [main] org.apache.catalina.startup.VersionLoggerListener.log Command line argument: -Dorg.apache.catalina.security.SecurityListener.UMASK=0027
28-Mar-2019 13:58:17.646 INFO [main] org.apache.catalina.startup.VersionLoggerListener.log Command line argument: -Dignore.endorsed.dirs=
28-Mar-2019 13:58:17.646 INFO [main] org.apache.catalina.startup.VersionLoggerListener.log Command line argument: -Dcatalina.base=/Users/can/Downloads/my_project/jenkins-test/apache-tomcat-8.5.39
28-Mar-2019 13:58:17.646 INFO [main] org.apache.catalina.startup.VersionLoggerListener.log Command line argument: -Dcatalina.home=/Users/can/Downloads/my_project/jenkins-test/apache-tomcat-8.5.39
28-Mar-2019 13:58:17.647 INFO [main] org.apache.catalina.startup.VersionLoggerListener.log Command line argument: -Djava.io.tmpdir=/Users/can/Downloads/my_project/jenkins-test/apache-tomcat-8.5.39/temp
28-Mar-2019 13:58:17.647 INFO [main] org.apache.catalina.core.AprLifecycleListener.lifecycleEvent The APR based Apache Tomcat Native library which allows optimal performance in production environments was not found on the java.library.path: [/Users/can/Library/Java/Extensions:/Library/Java/Extensions:/Network/Library/Java/Extensions:/System/Library/Java/Extensions:/usr/lib/java:.]
28-Mar-2019 13:58:17.787 INFO [main] org.apache.coyote.AbstractProtocol.init Initializing ProtocolHandler ["http-nio-8090"]
28-Mar-2019 13:58:17.812 INFO [main] org.apache.tomcat.util.net.NioSelectorPool.getSharedSelector Using a shared selector for servlet write/read
28-Mar-2019 13:58:17.823 INFO [main] org.apache.coyote.AbstractProtocol.init Initializing ProtocolHandler ["ajp-nio-8009"]
28-Mar-2019 13:58:17.824 INFO [main] org.apache.tomcat.util.net.NioSelectorPool.getSharedSelector Using a shared selector for servlet write/read
28-Mar-2019 13:58:17.824 INFO [main] org.apache.catalina.startup.Catalina.load Initialization processed in 599 ms
28-Mar-2019 13:58:17.848 INFO [main] org.apache.catalina.core.StandardService.startInternal Starting service [Catalina]
28-Mar-2019 13:58:17.849 INFO [main] org.apache.catalina.core.StandardEngine.startInternal Starting Servlet Engine: Apache Tomcat/8.5.39
28-Mar-2019 13:58:17.858 INFO [localhost-startStop-1] org.apache.catalina.startup.HostConfig.deployDirectory Deploying web application directory [/Users/can/Downloads/my_project/jenkins-test/apache-tomcat-8.5.39/webapps/docs]
28-Mar-2019 13:58:18.163 INFO [localhost-startStop-1] org.apache.catalina.startup.HostConfig.deployDirectory Deployment of web application directory [/Users/can/Downloads/my_project/jenkins-test/apache-tomcat-8.5.39/webapps/docs] has finished in [305] ms
28-Mar-2019 13:58:18.163 INFO [localhost-startStop-1] org.apache.catalina.startup.HostConfig.deployDirectory Deploying web application directory [/Users/can/Downloads/my_project/jenkins-test/apache-tomcat-8.5.39/webapps/manager]
28-Mar-2019 13:58:18.193 INFO [localhost-startStop-1] org.apache.catalina.startup.HostConfig.deployDirectory Deployment of web application directory [/Users/can/Downloads/my_project/jenkins-test/apache-tomcat-8.5.39/webapps/manager] has finished in [29] ms
28-Mar-2019 13:58:18.193 INFO [localhost-startStop-1] org.apache.catalina.startup.HostConfig.deployDirectory Deploying web application directory [/Users/can/Downloads/my_project/jenkins-test/apache-tomcat-8.5.39/webapps/examples]
28-Mar-2019 13:58:18.473 INFO [localhost-startStop-1] org.apache.catalina.startup.HostConfig.deployDirectory Deployment of web application directory [/Users/can/Downloads/my_project/jenkins-test/apache-tomcat-8.5.39/webapps/examples] has finished in [280] ms
28-Mar-2019 13:58:18.473 INFO [localhost-startStop-1] org.apache.catalina.startup.HostConfig.deployDirectory Deploying web application directory [/Users/can/Downloads/my_project/jenkins-test/apache-tomcat-8.5.39/webapps/ROOT]
28-Mar-2019 13:58:18.487 INFO [localhost-startStop-1] org.apache.catalina.startup.HostConfig.deployDirectory Deployment of web application directory [/Users/can/Downloads/my_project/jenkins-test/apache-tomcat-8.5.39/webapps/ROOT] has finished in [14] ms
28-Mar-2019 13:58:18.487 INFO [localhost-startStop-1] org.apache.catalina.startup.HostConfig.deployDirectory Deploying web application directory [/Users/can/Downloads/my_project/jenkins-test/apache-tomcat-8.5.39/webapps/host-manager]
28-Mar-2019 13:58:18.503 INFO [localhost-startStop-1] org.apache.catalina.startup.HostConfig.deployDirectory Deployment of web application directory [/Users/can/Downloads/my_project/jenkins-test/apache-tomcat-8.5.39/webapps/host-manager] has finished in [15] ms
28-Mar-2019 13:58:18.505 INFO [main] org.apache.coyote.AbstractProtocol.start Starting ProtocolHandler ["http-nio-8090"]
28-Mar-2019 13:58:18.516 INFO [main] org.apache.coyote.AbstractProtocol.start Starting ProtocolHandler ["ajp-nio-8009"]
28-Mar-2019 13:58:18.518 INFO [main] org.apache.catalina.startup.Catalina.start Server startup in 693 ms
28-Mar-2019 14:02:02.403 INFO [main] org.apache.catalina.core.StandardServer.await A valid shutdown command was received via the shutdown port. Stopping the Server instance.
28-Mar-2019 14:02:02.404 INFO [main] org.apache.coyote.AbstractProtocol.pause Pausing ProtocolHandler ["http-nio-8090"]
28-Mar-2019 14:02:02.413 INFO [main] org.apache.coyote.AbstractProtocol.pause Pausing ProtocolHandler ["ajp-nio-8009"]
28-Mar-2019 14:02:02.421 INFO [main] org.apache.catalina.core.StandardService.stopInternal Stopping service [Catalina]
28-Mar-2019 14:02:02.438 INFO [main] org.apache.coyote.AbstractProtocol.stop Stopping ProtocolHandler ["http-nio-8090"]
28-Mar-2019 14:02:02.441 INFO [main] org.apache.coyote.AbstractProtocol.stop Stopping ProtocolHandler ["ajp-nio-8009"]
28-Mar-2019 14:02:02.441 INFO [main] org.apache.coyote.AbstractProtocol.destroy Destroying ProtocolHandler ["http-nio-8090"]
28-Mar-2019 14:02:02.442 INFO [main] org.apache.coyote.AbstractProtocol.destroy Destroying ProtocolHandler ["ajp-nio-8009"]
28-Mar-2019 14:02:16.622 INFO [main] org.apache.catalina.startup.VersionLoggerListener.log Server version:        Apache Tomcat/8.5.39
28-Mar-2019 14:02:16.624 INFO [main] org.apache.catalina.startup.VersionLoggerListener.log Server built:          Mar 14 2019 11:24:26 UTC
28-Mar-2019 14:02:16.624 INFO [main] org.apache.catalina.startup.VersionLoggerListener.log Server number:         8.5.39.0
28-Mar-2019 14:02:16.624 INFO [main] org.apache.catalina.startup.VersionLoggerListener.log OS Name:               Mac OS X
28-Mar-2019 14:02:16.624 INFO [main] org.apache.catalina.startup.VersionLoggerListener.log OS Version:            10.14.2
28-Mar-2019 14:02:16.624 INFO [main] org.apache.catalina.startup.VersionLoggerListener.log Architecture:          x86_64
28-Mar-2019 14:02:16.624 INFO [main] org.apache.catalina.startup.VersionLoggerListener.log Java Home:             /Library/Java/JavaVirtualMachines/jdk1.8.0_161.jdk/Contents/Home/jre
28-Mar-2019 14:02:16.625 INFO [main] org.apache.catalina.startup.VersionLoggerListener.log JVM Version:           1.8.0_161-b12
28-Mar-2019 14:02:16.625 INFO [main] org.apache.catalina.startup.VersionLoggerListener.log JVM Vendor:            Oracle Corporation
28-Mar-2019 14:02:16.625 INFO [main] org.apache.catalina.startup.VersionLoggerListener.log CATALINA_BASE:         /Users/can/Downloads/my_project/jenkins-test/apache-tomcat-8.5.39
28-Mar-2019 14:02:16.625 INFO [main] org.apache.catalina.startup.VersionLoggerListener.log CATALINA_HOME:         /Users/can/Downloads/my_project/jenkins-test/apache-tomcat-8.5.39
28-Mar-2019 14:02:16.625 INFO [main] org.apache.catalina.startup.VersionLoggerListener.log Command line argument: -Djava.util.logging.config.file=/Users/can/Downloads/my_project/jenkins-test/apache-tomcat-8.5.39/conf/logging.properties
28-Mar-2019 14:02:16.626 INFO [main] org.apache.catalina.startup.VersionLoggerListener.log Command line argument: -Djava.util.logging.manager=org.apache.juli.ClassLoaderLogManager
28-Mar-2019 14:02:16.626 INFO [main] org.apache.catalina.startup.VersionLoggerListener.log Command line argument: -Djdk.tls.ephemeralDHKeySize=2048
28-Mar-2019 14:02:16.626 INFO [main] org.apache.catalina.startup.VersionLoggerListener.log Command line argument: -Djava.protocol.handler.pkgs=org.apache.catalina.webresources
28-Mar-2019 14:02:16.626 INFO [main] org.apache.catalina.startup.VersionLoggerListener.log Command line argument: -Dorg.apache.catalina.security.SecurityListener.UMASK=0027
28-Mar-2019 14:02:16.626 INFO [main] org.apache.catalina.startup.VersionLoggerListener.log Command line argument: -Dignore.endorsed.dirs=
28-Mar-2019 14:02:16.626 INFO [main] org.apache.catalina.startup.VersionLoggerListener.log Command line argument: -Dcatalina.base=/Users/can/Downloads/my_project/jenkins-test/apache-tomcat-8.5.39
28-Mar-2019 14:02:16.626 INFO [main] org.apache.catalina.startup.VersionLoggerListener.log Command line argument: -Dcatalina.home=/Users/can/Downloads/my_project/jenkins-test/apache-tomcat-8.5.39
28-Mar-2019 14:02:16.626 INFO [main] org.apache.catalina.startup.VersionLoggerListener.log Command line argument: -Djava.io.tmpdir=/Users/can/Downloads/my_project/jenkins-test/apache-tomcat-8.5.39/temp
28-Mar-2019 14:02:16.626 INFO [main] org.apache.catalina.core.AprLifecycleListener.lifecycleEvent The APR based Apache Tomcat Native library which allows optimal performance in production environments was not found on the java.library.path: [/Users/can/Library/Java/Extensions:/Library/Java/Extensions:/Network/Library/Java/Extensions:/System/Library/Java/Extensions:/usr/lib/java:.]
28-Mar-2019 14:02:16.738 INFO [main] org.apache.coyote.AbstractProtocol.init Initializing ProtocolHandler ["http-nio-8090"]
28-Mar-2019 14:02:16.765 INFO [main] org.apache.tomcat.util.net.NioSelectorPool.getSharedSelector Using a shared selector for servlet write/read
28-Mar-2019 14:02:16.774 INFO [main] org.apache.coyote.AbstractProtocol.init Initializing ProtocolHandler ["ajp-nio-8009"]
28-Mar-2019 14:02:16.775 INFO [main] org.apache.tomcat.util.net.NioSelectorPool.getSharedSelector Using a shared selector for servlet write/read
28-Mar-2019 14:02:16.775 INFO [main] org.apache.catalina.startup.Catalina.load Initialization processed in 482 ms
28-Mar-2019 14:02:16.795 INFO [main] org.apache.catalina.core.StandardService.startInternal Starting service [Catalina]
28-Mar-2019 14:02:16.795 INFO [main] org.apache.catalina.core.StandardEngine.startInternal Starting Servlet Engine: Apache Tomcat/8.5.39
28-Mar-2019 14:02:16.801 INFO [localhost-startStop-1] org.apache.catalina.startup.HostConfig.deployDirectory Deploying web application directory [/Users/can/Downloads/my_project/jenkins-test/apache-tomcat-8.5.39/webapps/docs]
28-Mar-2019 14:02:17.040 INFO [localhost-startStop-1] org.apache.catalina.startup.HostConfig.deployDirectory Deployment of web application directory [/Users/can/Downloads/my_project/jenkins-test/apache-tomcat-8.5.39/webapps/docs] has finished in [239] ms
28-Mar-2019 14:02:17.041 INFO [localhost-startStop-1] org.apache.catalina.startup.HostConfig.deployDirectory Deploying web application directory [/Users/can/Downloads/my_project/jenkins-test/apache-tomcat-8.5.39/webapps/manager]
28-Mar-2019 14:02:17.067 INFO [localhost-startStop-1] org.apache.catalina.startup.HostConfig.deployDirectory Deployment of web application directory [/Users/can/Downloads/my_project/jenkins-test/apache-tomcat-8.5.39/webapps/manager] has finished in [26] ms
28-Mar-2019 14:02:17.067 INFO [localhost-startStop-1] org.apache.catalina.startup.HostConfig.deployDirectory Deploying web application directory [/Users/can/Downloads/my_project/jenkins-test/apache-tomcat-8.5.39/webapps/examples]
28-Mar-2019 14:02:17.318 INFO [localhost-startStop-1] org.apache.catalina.startup.HostConfig.deployDirectory Deployment of web application directory [/Users/can/Downloads/my_project/jenkins-test/apache-tomcat-8.5.39/webapps/examples] has finished in [251] ms
28-Mar-2019 14:02:17.318 INFO [localhost-startStop-1] org.apache.catalina.startup.HostConfig.deployDirectory Deploying web application directory [/Users/can/Downloads/my_project/jenkins-test/apache-tomcat-8.5.39/webapps/ROOT]
28-Mar-2019 14:02:17.332 INFO [localhost-startStop-1] org.apache.catalina.startup.HostConfig.deployDirectory Deployment of web application directory [/Users/can/Downloads/my_project/jenkins-test/apache-tomcat-8.5.39/webapps/ROOT] has finished in [14] ms
28-Mar-2019 14:02:17.332 INFO [localhost-startStop-1] org.apache.catalina.startup.HostConfig.deployDirectory Deploying web application directory [/Users/can/Downloads/my_project/jenkins-test/apache-tomcat-8.5.39/webapps/host-manager]
28-Mar-2019 14:02:17.347 INFO [localhost-startStop-1] org.apache.catalina.startup.HostConfig.deployDirectory Deployment of web application directory [/Users/can/Downloads/my_project/jenkins-test/apache-tomcat-8.5.39/webapps/host-manager] has finished in [15] ms
28-Mar-2019 14:02:17.349 INFO [main] org.apache.coyote.AbstractProtocol.start Starting ProtocolHandler ["http-nio-8090"]
28-Mar-2019 14:02:17.355 INFO [main] org.apache.coyote.AbstractProtocol.start Starting ProtocolHandler ["ajp-nio-8009"]
28-Mar-2019 14:02:17.357 INFO [main] org.apache.catalina.startup.Catalina.start Server startup in 581 ms
28-Mar-2019 14:11:29.750 INFO [http-nio-8090-exec-3] org.apache.catalina.startup.HostConfig.deployWAR Deploying web application archive [/Users/can/Downloads/my_project/jenkins-test/apache-tomcat-8.5.39/webapps/webapp.war]
28-Mar-2019 14:11:29.784 INFO [http-nio-8090-exec-3] org.apache.catalina.startup.HostConfig.deployWAR Deployment of web application archive [/Users/can/Downloads/my_project/jenkins-test/apache-tomcat-8.5.39/webapps/webapp.war] has finished in [33] ms
28-Mar-2019 14:15:38.057 INFO [http-nio-8090-exec-2] org.apache.catalina.startup.HostConfig.undeploy Undeploying context [/webapp]
28-Mar-2019 14:15:38.069 INFO [http-nio-8090-exec-1] org.apache.catalina.startup.HostConfig.deployWAR Deploying web application archive [/Users/can/Downloads/my_project/jenkins-test/apache-tomcat-8.5.39/webapps/webapp.war]
28-Mar-2019 14:15:38.099 INFO [http-nio-8090-exec-1] org.apache.catalina.startup.HostConfig.deployWAR Deployment of web application archive [/Users/can/Downloads/my_project/jenkins-test/apache-tomcat-8.5.39/webapps/webapp.war] has finished in [30] ms
28-Mar-2019 14:15:53.255 INFO [http-nio-8090-exec-8] org.apache.catalina.startup.HostConfig.undeploy Undeploying context [/webapp]
28-Mar-2019 14:15:53.266 INFO [http-nio-8090-exec-1] org.apache.catalina.startup.HostConfig.deployWAR Deploying web application archive [/Users/can/Downloads/my_project/jenkins-test/apache-tomcat-8.5.39/webapps/webapp.war]
28-Mar-2019 14:15:53.286 INFO [http-nio-8090-exec-1] org.apache.catalina.startup.HostConfig.deployWAR Deployment of web application archive [/Users/can/Downloads/my_project/jenkins-test/apache-tomcat-8.5.39/webapps/webapp.war] has finished in [20] ms
28-Mar-2019 14:20:21.808 INFO [http-nio-8090-exec-16] org.apache.catalina.startup.HostConfig.undeploy Undeploying context [/webapp]
28-Mar-2019 14:20:21.813 INFO [http-nio-8090-exec-1] org.apache.catalina.startup.HostConfig.deployWAR Deploying web application archive [/Users/can/Downloads/my_project/jenkins-test/apache-tomcat-8.5.39/webapps/webapp.war]
28-Mar-2019 14:20:21.831 INFO [http-nio-8090-exec-1] org.apache.catalina.startup.HostConfig.deployWAR Deployment of web application archive [/Users/can/Downloads/my_project/jenkins-test/apache-tomcat-8.5.39/webapps/webapp.war] has finished in [18] ms
28-Mar-2019 14:22:33.128 INFO [main] org.apache.catalina.core.StandardServer.await A valid shutdown command was received via the shutdown port. Stopping the Server instance.
28-Mar-2019 14:22:33.128 INFO [main] org.apache.coyote.AbstractProtocol.pause Pausing ProtocolHandler ["http-nio-8090"]
28-Mar-2019 14:22:33.139 INFO [main] org.apache.coyote.AbstractProtocol.pause Pausing ProtocolHandler ["ajp-nio-8009"]
28-Mar-2019 14:22:33.146 INFO [main] org.apache.catalina.core.StandardService.stopInternal Stopping service [Catalina]
28-Mar-2019 14:22:33.162 INFO [main] org.apache.coyote.AbstractProtocol.stop Stopping ProtocolHandler ["http-nio-8090"]
28-Mar-2019 14:22:33.165 INFO [main] org.apache.coyote.AbstractProtocol.stop Stopping ProtocolHandler ["ajp-nio-8009"]
28-Mar-2019 14:22:33.166 INFO [main] org.apache.coyote.AbstractProtocol.destroy Destroying ProtocolHandler ["http-nio-8090"]
28-Mar-2019 14:22:33.167 INFO [main] org.apache.coyote.AbstractProtocol.destroy Destroying ProtocolHandler ["ajp-nio-8009"]
28-Mar-2019 14:27:29.098 INFO [main] org.apache.catalina.startup.VersionLoggerListener.log Server version:        Apache Tomcat/8.5.39
28-Mar-2019 14:27:29.099 INFO [main] org.apache.catalina.startup.VersionLoggerListener.log Server built:          Mar 14 2019 11:24:26 UTC
28-Mar-2019 14:27:29.100 INFO [main] org.apache.catalina.startup.VersionLoggerListener.log Server number:         8.5.39.0
28-Mar-2019 14:27:29.100 INFO [main] org.apache.catalina.startup.VersionLoggerListener.log OS Name:               Mac OS X
28-Mar-2019 14:27:29.100 INFO [main] org.apache.catalina.startup.VersionLoggerListener.log OS Version:            10.14.2
28-Mar-2019 14:27:29.100 INFO [main] org.apache.catalina.startup.VersionLoggerListener.log Architecture:          x86_64
28-Mar-2019 14:27:29.100 INFO [main] org.apache.catalina.startup.VersionLoggerListener.log Java Home:             /Library/Java/JavaVirtualMachines/jdk1.8.0_161.jdk/Contents/Home/jre
28-Mar-2019 14:27:29.100 INFO [main] org.apache.catalina.startup.VersionLoggerListener.log JVM Version:           1.8.0_161-b12
28-Mar-2019 14:27:29.100 INFO [main] org.apache.catalina.startup.VersionLoggerListener.log JVM Vendor:            Oracle Corporation
28-Mar-2019 14:27:29.100 INFO [main] org.apache.catalina.startup.VersionLoggerListener.log CATALINA_BASE:         /Users/can/Downloads/my_project/jenkins-test/apache-tomcat-8.5.39-prod
28-Mar-2019 14:27:29.100 INFO [main] org.apache.catalina.startup.VersionLoggerListener.log CATALINA_HOME:         /Users/can/Downloads/my_project/jenkins-test/apache-tomcat-8.5.39-prod
28-Mar-2019 14:27:29.101 INFO [main] org.apache.catalina.startup.VersionLoggerListener.log Command line argument: -Djava.util.logging.config.file=/Users/can/Downloads/my_project/jenkins-test/apache-tomcat-8.5.39-prod/conf/logging.properties
28-Mar-2019 14:27:29.101 INFO [main] org.apache.catalina.startup.VersionLoggerListener.log Command line argument: -Djava.util.logging.manager=org.apache.juli.ClassLoaderLogManager
28-Mar-2019 14:27:29.101 INFO [main] org.apache.catalina.startup.VersionLoggerListener.log Command line argument: -Djdk.tls.ephemeralDHKeySize=2048
28-Mar-2019 14:27:29.101 INFO [main] org.apache.catalina.startup.VersionLoggerListener.log Command line argument: -Djava.protocol.handler.pkgs=org.apache.catalina.webresources
28-Mar-2019 14:27:29.101 INFO [main] org.apache.catalina.startup.VersionLoggerListener.log Command line argument: -Dorg.apache.catalina.security.SecurityListener.UMASK=0027
28-Mar-2019 14:27:29.101 INFO [main] org.apache.catalina.startup.VersionLoggerListener.log Command line argument: -Dignore.endorsed.dirs=
28-Mar-2019 14:27:29.102 INFO [main] org.apache.catalina.startup.VersionLoggerListener.log Command line argument: -Dcatalina.base=/Users/can/Downloads/my_project/jenkins-test/apache-tomcat-8.5.39-prod
28-Mar-2019 14:27:29.102 INFO [main] org.apache.catalina.startup.VersionLoggerListener.log Command line argument: -Dcatalina.home=/Users/can/Downloads/my_project/jenkins-test/apache-tomcat-8.5.39-prod
28-Mar-2019 14:27:29.102 INFO [main] org.apache.catalina.startup.VersionLoggerListener.log Command line argument: -Djava.io.tmpdir=/Users/can/Downloads/my_project/jenkins-test/apache-tomcat-8.5.39-prod/temp
28-Mar-2019 14:27:29.102 INFO [main] org.apache.catalina.core.AprLifecycleListener.lifecycleEvent The APR based Apache Tomcat Native library which allows optimal performance in production environments was not found on the java.library.path: [/Users/can/Library/Java/Extensions:/Library/Java/Extensions:/Network/Library/Java/Extensions:/System/Library/Java/Extensions:/usr/lib/java:.]
28-Mar-2019 14:27:29.214 INFO [main] org.apache.coyote.AbstractProtocol.init Initializing ProtocolHandler ["http-nio-9090"]
28-Mar-2019 14:27:29.237 INFO [main] org.apache.tomcat.util.net.NioSelectorPool.getSharedSelector Using a shared selector for servlet write/read
28-Mar-2019 14:27:29.248 INFO [main] org.apache.coyote.AbstractProtocol.init Initializing ProtocolHandler ["ajp-nio-8009"]
28-Mar-2019 14:27:29.249 INFO [main] org.apache.tomcat.util.net.NioSelectorPool.getSharedSelector Using a shared selector for servlet write/read
28-Mar-2019 14:27:29.249 INFO [main] org.apache.catalina.startup.Catalina.load Initialization processed in 466 ms
28-Mar-2019 14:27:29.269 INFO [main] org.apache.catalina.core.StandardService.startInternal Starting service [Catalina]
28-Mar-2019 14:27:29.270 INFO [main] org.apache.catalina.core.StandardEngine.startInternal Starting Servlet Engine: Apache Tomcat/8.5.39
28-Mar-2019 14:27:29.286 INFO [localhost-startStop-1] org.apache.catalina.startup.HostConfig.deployWAR Deploying web application archive [/Users/can/Downloads/my_project/jenkins-test/apache-tomcat-8.5.39-prod/webapps/webapp.war]
28-Mar-2019 14:27:29.517 INFO [localhost-startStop-1] org.apache.catalina.startup.HostConfig.deployWAR Deployment of web application archive [/Users/can/Downloads/my_project/jenkins-test/apache-tomcat-8.5.39-prod/webapps/webapp.war] has finished in [231] ms
28-Mar-2019 14:27:29.518 INFO [localhost-startStop-1] org.apache.catalina.startup.HostConfig.deployDirectory Deploying web application directory [/Users/can/Downloads/my_project/jenkins-test/apache-tomcat-8.5.39-prod/webapps/docs]
28-Mar-2019 14:27:29.531 INFO [localhost-startStop-1] org.apache.catalina.startup.HostConfig.deployDirectory Deployment of web application directory [/Users/can/Downloads/my_project/jenkins-test/apache-tomcat-8.5.39-prod/webapps/docs] has finished in [13] ms
28-Mar-2019 14:27:29.531 INFO [localhost-startStop-1] org.apache.catalina.startup.HostConfig.deployDirectory Deploying web application directory [/Users/can/Downloads/my_project/jenkins-test/apache-tomcat-8.5.39-prod/webapps/manager]
28-Mar-2019 14:27:29.554 INFO [localhost-startStop-1] org.apache.catalina.startup.HostConfig.deployDirectory Deployment of web application directory [/Users/can/Downloads/my_project/jenkins-test/apache-tomcat-8.5.39-prod/webapps/manager] has finished in [23] ms
28-Mar-2019 14:27:29.554 INFO [localhost-startStop-1] org.apache.catalina.startup.HostConfig.deployDirectory Deploying web application directory [/Users/can/Downloads/my_project/jenkins-test/apache-tomcat-8.5.39-prod/webapps/examples]
28-Mar-2019 14:27:29.750 INFO [localhost-startStop-1] org.apache.catalina.startup.HostConfig.deployDirectory Deployment of web application directory [/Users/can/Downloads/my_project/jenkins-test/apache-tomcat-8.5.39-prod/webapps/examples] has finished in [196] ms
28-Mar-2019 14:27:29.750 INFO [localhost-startStop-1] org.apache.catalina.startup.HostConfig.deployDirectory Deploying web application directory [/Users/can/Downloads/my_project/jenkins-test/apache-tomcat-8.5.39-prod/webapps/ROOT]
28-Mar-2019 14:27:29.760 INFO [localhost-startStop-1] org.apache.catalina.startup.HostConfig.deployDirectory Deployment of web application directory [/Users/can/Downloads/my_project/jenkins-test/apache-tomcat-8.5.39-prod/webapps/ROOT] has finished in [10] ms
28-Mar-2019 14:27:29.760 INFO [localhost-startStop-1] org.apache.catalina.startup.HostConfig.deployDirectory Deploying web application directory [/Users/can/Downloads/my_project/jenkins-test/apache-tomcat-8.5.39-prod/webapps/host-manager]
28-Mar-2019 14:27:29.773 INFO [localhost-startStop-1] org.apache.catalina.startup.HostConfig.deployDirectory Deployment of web application directory [/Users/can/Downloads/my_project/jenkins-test/apache-tomcat-8.5.39-prod/webapps/host-manager] has finished in [13] ms
28-Mar-2019 14:27:29.775 INFO [main] org.apache.coyote.AbstractProtocol.start Starting ProtocolHandler ["http-nio-9090"]
28-Mar-2019 14:27:29.781 INFO [main] org.apache.coyote.AbstractProtocol.start Starting ProtocolHandler ["ajp-nio-8009"]
28-Mar-2019 14:27:29.783 INFO [main] org.apache.catalina.startup.Catalina.start Server startup in 533 ms
28-Mar-2019 14:38:33.914 INFO [main] org.apache.catalina.core.StandardServer.await A valid shutdown command was received via the shutdown port. Stopping the Server instance.
28-Mar-2019 14:38:33.915 INFO [main] org.apache.coyote.AbstractProtocol.pause Pausing ProtocolHandler ["http-nio-9090"]
28-Mar-2019 14:38:33.925 INFO [main] org.apache.coyote.AbstractProtocol.pause Pausing ProtocolHandler ["ajp-nio-8009"]
28-Mar-2019 14:38:33.932 INFO [main] org.apache.catalina.core.StandardService.stopInternal Stopping service [Catalina]
28-Mar-2019 14:38:33.951 INFO [main] org.apache.coyote.AbstractProtocol.stop Stopping ProtocolHandler ["http-nio-9090"]
28-Mar-2019 14:38:33.954 INFO [main] org.apache.coyote.AbstractProtocol.stop Stopping ProtocolHandler ["ajp-nio-8009"]
28-Mar-2019 14:38:33.955 INFO [main] org.apache.coyote.AbstractProtocol.destroy Destroying ProtocolHandler ["http-nio-9090"]
28-Mar-2019 14:38:33.955 INFO [main] org.apache.coyote.AbstractProtocol.destroy Destroying ProtocolHandler ["ajp-nio-8009"]
28-Mar-2019 14:40:27.518 INFO [main] org.apache.catalina.startup.VersionLoggerListener.log Server version:        Apache Tomcat/8.5.39
28-Mar-2019 14:40:27.521 INFO [main] org.apache.catalina.startup.VersionLoggerListener.log Server built:          Mar 14 2019 11:24:26 UTC
28-Mar-2019 14:40:27.521 INFO [main] org.apache.catalina.startup.VersionLoggerListener.log Server number:         8.5.39.0
28-Mar-2019 14:40:27.521 INFO [main] org.apache.catalina.startup.VersionLoggerListener.log OS Name:               Mac OS X
28-Mar-2019 14:40:27.521 INFO [main] org.apache.catalina.startup.VersionLoggerListener.log OS Version:            10.14.2
28-Mar-2019 14:40:27.521 INFO [main] org.apache.catalina.startup.VersionLoggerListener.log Architecture:          x86_64
28-Mar-2019 14:40:27.521 INFO [main] org.apache.catalina.startup.VersionLoggerListener.log Java Home:             /Library/Java/JavaVirtualMachines/jdk1.8.0_161.jdk/Contents/Home/jre
28-Mar-2019 14:40:27.521 INFO [main] org.apache.catalina.startup.VersionLoggerListener.log JVM Version:           1.8.0_161-b12
28-Mar-2019 14:40:27.521 INFO [main] org.apache.catalina.startup.VersionLoggerListener.log JVM Vendor:            Oracle Corporation
28-Mar-2019 14:40:27.521 INFO [main] org.apache.catalina.startup.VersionLoggerListener.log CATALINA_BASE:         /Users/can/Downloads/my_project/jenkins-test/apache-tomcat-8.5.39-prod
28-Mar-2019 14:40:27.521 INFO [main] org.apache.catalina.startup.VersionLoggerListener.log CATALINA_HOME:         /Users/can/Downloads/my_project/jenkins-test/apache-tomcat-8.5.39-prod
28-Mar-2019 14:40:27.522 INFO [main] org.apache.catalina.startup.VersionLoggerListener.log Command line argument: -Djava.util.logging.config.file=/Users/can/Downloads/my_project/jenkins-test/apache-tomcat-8.5.39-prod/conf/logging.properties
28-Mar-2019 14:40:27.522 INFO [main] org.apache.catalina.startup.VersionLoggerListener.log Command line argument: -Djava.util.logging.manager=org.apache.juli.ClassLoaderLogManager
28-Mar-2019 14:40:27.523 INFO [main] org.apache.catalina.startup.VersionLoggerListener.log Command line argument: -Djdk.tls.ephemeralDHKeySize=2048
28-Mar-2019 14:40:27.523 INFO [main] org.apache.catalina.startup.VersionLoggerListener.log Command line argument: -Djava.protocol.handler.pkgs=org.apache.catalina.webresources
28-Mar-2019 14:40:27.523 INFO [main] org.apache.catalina.startup.VersionLoggerListener.log Command line argument: -Dorg.apache.catalina.security.SecurityListener.UMASK=0027
28-Mar-2019 14:40:27.523 INFO [main] org.apache.catalina.startup.VersionLoggerListener.log Command line argument: -Dignore.endorsed.dirs=
28-Mar-2019 14:40:27.523 INFO [main] org.apache.catalina.startup.VersionLoggerListener.log Command line argument: -Dcatalina.base=/Users/can/Downloads/my_project/jenkins-test/apache-tomcat-8.5.39-prod
28-Mar-2019 14:40:27.523 INFO [main] org.apache.catalina.startup.VersionLoggerListener.log Command line argument: -Dcatalina.home=/Users/can/Downloads/my_project/jenkins-test/apache-tomcat-8.5.39-prod
28-Mar-2019 14:40:27.523 INFO [main] org.apache.catalina.startup.VersionLoggerListener.log Command line argument: -Djava.io.tmpdir=/Users/can/Downloads/my_project/jenkins-test/apache-tomcat-8.5.39-prod/temp
28-Mar-2019 14:40:27.523 INFO [main] org.apache.catalina.core.AprLifecycleListener.lifecycleEvent The APR based Apache Tomcat Native library which allows optimal performance in production environments was not found on the java.library.path: [/Users/can/Library/Java/Extensions:/Library/Java/Extensions:/Network/Library/Java/Extensions:/System/Library/Java/Extensions:/usr/lib/java:.]
28-Mar-2019 14:40:27.633 INFO [main] org.apache.coyote.AbstractProtocol.init Initializing ProtocolHandler ["http-nio-9090"]
28-Mar-2019 14:40:27.657 INFO [main] org.apache.tomcat.util.net.NioSelectorPool.getSharedSelector Using a shared selector for servlet write/read
28-Mar-2019 14:40:27.669 INFO [main] org.apache.coyote.AbstractProtocol.init Initializing ProtocolHandler ["ajp-nio-8009"]
28-Mar-2019 14:40:27.670 INFO [main] org.apache.tomcat.util.net.NioSelectorPool.getSharedSelector Using a shared selector for servlet write/read
28-Mar-2019 14:40:27.671 INFO [main] org.apache.catalina.startup.Catalina.load Initialization processed in 518 ms
28-Mar-2019 14:40:27.693 INFO [main] org.apache.catalina.core.StandardService.startInternal Starting service [Catalina]
28-Mar-2019 14:40:27.693 INFO [main] org.apache.catalina.core.StandardEngine.startInternal Starting Servlet Engine: Apache Tomcat/8.5.39
28-Mar-2019 14:40:27.712 INFO [localhost-startStop-1] org.apache.catalina.startup.HostConfig.deployWAR Deploying web application archive [/Users/can/Downloads/my_project/jenkins-test/apache-tomcat-8.5.39-prod/webapps/webapp.war]
28-Mar-2019 14:40:28.005 INFO [localhost-startStop-1] org.apache.catalina.startup.HostConfig.deployWAR Deployment of web application archive [/Users/can/Downloads/my_project/jenkins-test/apache-tomcat-8.5.39-prod/webapps/webapp.war] has finished in [292] ms
28-Mar-2019 14:40:28.006 INFO [localhost-startStop-1] org.apache.catalina.startup.HostConfig.deployDirectory Deploying web application directory [/Users/can/Downloads/my_project/jenkins-test/apache-tomcat-8.5.39-prod/webapps/docs]
28-Mar-2019 14:40:28.021 INFO [localhost-startStop-1] org.apache.catalina.startup.HostConfig.deployDirectory Deployment of web application directory [/Users/can/Downloads/my_project/jenkins-test/apache-tomcat-8.5.39-prod/webapps/docs] has finished in [15] ms
28-Mar-2019 14:40:28.021 INFO [localhost-startStop-1] org.apache.catalina.startup.HostConfig.deployDirectory Deploying web application directory [/Users/can/Downloads/my_project/jenkins-test/apache-tomcat-8.5.39-prod/webapps/manager]
28-Mar-2019 14:40:28.048 INFO [localhost-startStop-1] org.apache.catalina.startup.HostConfig.deployDirectory Deployment of web application directory [/Users/can/Downloads/my_project/jenkins-test/apache-tomcat-8.5.39-prod/webapps/manager] has finished in [26] ms
28-Mar-2019 14:40:28.048 INFO [localhost-startStop-1] org.apache.catalina.startup.HostConfig.deployDirectory Deploying web application directory [/Users/can/Downloads/my_project/jenkins-test/apache-tomcat-8.5.39-prod/webapps/examples]
28-Mar-2019 14:40:28.296 INFO [localhost-startStop-1] org.apache.catalina.startup.HostConfig.deployDirectory Deployment of web application directory [/Users/can/Downloads/my_project/jenkins-test/apache-tomcat-8.5.39-prod/webapps/examples] has finished in [248] ms
28-Mar-2019 14:40:28.296 INFO [localhost-startStop-1] org.apache.catalina.startup.HostConfig.deployDirectory Deploying web application directory [/Users/can/Downloads/my_project/jenkins-test/apache-tomcat-8.5.39-prod/webapps/ROOT]
28-Mar-2019 14:40:28.308 INFO [localhost-startStop-1] org.apache.catalina.startup.HostConfig.deployDirectory Deployment of web application directory [/Users/can/Downloads/my_project/jenkins-test/apache-tomcat-8.5.39-prod/webapps/ROOT] has finished in [12] ms
28-Mar-2019 14:40:28.308 INFO [localhost-startStop-1] org.apache.catalina.startup.HostConfig.deployDirectory Deploying web application directory [/Users/can/Downloads/my_project/jenkins-test/apache-tomcat-8.5.39-prod/webapps/host-manager]
28-Mar-2019 14:40:28.322 INFO [localhost-startStop-1] org.apache.catalina.startup.HostConfig.deployDirectory Deployment of web application directory [/Users/can/Downloads/my_project/jenkins-test/apache-tomcat-8.5.39-prod/webapps/host-manager] has finished in [14] ms
28-Mar-2019 14:40:28.324 INFO [main] org.apache.coyote.AbstractProtocol.start Starting ProtocolHandler ["http-nio-9090"]
28-Mar-2019 14:40:28.332 INFO [main] org.apache.coyote.AbstractProtocol.start Starting ProtocolHandler ["ajp-nio-8009"]
28-Mar-2019 14:40:28.334 INFO [main] org.apache.catalina.startup.Catalina.start Server startup in 662 ms
28-Mar-2019 14:46:38.761 INFO [main] org.apache.catalina.startup.VersionLoggerListener.log Server version:        Apache Tomcat/8.5.39
28-Mar-2019 14:46:38.763 INFO [main] org.apache.catalina.startup.VersionLoggerListener.log Server built:          Mar 14 2019 11:24:26 UTC
28-Mar-2019 14:46:38.763 INFO [main] org.apache.catalina.startup.VersionLoggerListener.log Server number:         8.5.39.0
28-Mar-2019 14:46:38.763 INFO [main] org.apache.catalina.startup.VersionLoggerListener.log OS Name:               Mac OS X
28-Mar-2019 14:46:38.763 INFO [main] org.apache.catalina.startup.VersionLoggerListener.log OS Version:            10.14.2
28-Mar-2019 14:46:38.764 INFO [main] org.apache.catalina.startup.VersionLoggerListener.log Architecture:          x86_64
28-Mar-2019 14:46:38.764 INFO [main] org.apache.catalina.startup.VersionLoggerListener.log Java Home:             /Library/Java/JavaVirtualMachines/jdk1.8.0_161.jdk/Contents/Home/jre
28-Mar-2019 14:46:38.764 INFO [main] org.apache.catalina.startup.VersionLoggerListener.log JVM Version:           1.8.0_161-b12
28-Mar-2019 14:46:38.764 INFO [main] org.apache.catalina.startup.VersionLoggerListener.log JVM Vendor:            Oracle Corporation
28-Mar-2019 14:46:38.764 INFO [main] org.apache.catalina.startup.VersionLoggerListener.log CATALINA_BASE:         /Users/can/Downloads/my_project/jenkins-test/apache-tomcat-8.5.39-prod
28-Mar-2019 14:46:38.764 INFO [main] org.apache.catalina.startup.VersionLoggerListener.log CATALINA_HOME:         /Users/can/Downloads/my_project/jenkins-test/apache-tomcat-8.5.39-prod
28-Mar-2019 14:46:38.765 INFO [main] org.apache.catalina.startup.VersionLoggerListener.log Command line argument: -Djava.util.logging.config.file=/Users/can/Downloads/my_project/jenkins-test/apache-tomcat-8.5.39-prod/conf/logging.properties
28-Mar-2019 14:46:38.765 INFO [main] org.apache.catalina.startup.VersionLoggerListener.log Command line argument: -Djava.util.logging.manager=org.apache.juli.ClassLoaderLogManager
28-Mar-2019 14:46:38.765 INFO [main] org.apache.catalina.startup.VersionLoggerListener.log Command line argument: -Djdk.tls.ephemeralDHKeySize=2048
28-Mar-2019 14:46:38.765 INFO [main] org.apache.catalina.startup.VersionLoggerListener.log Command line argument: -Djava.protocol.handler.pkgs=org.apache.catalina.webresources
28-Mar-2019 14:46:38.765 INFO [main] org.apache.catalina.startup.VersionLoggerListener.log Command line argument: -Dorg.apache.catalina.security.SecurityListener.UMASK=0027
28-Mar-2019 14:46:38.766 INFO [main] org.apache.catalina.startup.VersionLoggerListener.log Command line argument: -Dignore.endorsed.dirs=
28-Mar-2019 14:46:38.766 INFO [main] org.apache.catalina.startup.VersionLoggerListener.log Command line argument: -Dcatalina.base=/Users/can/Downloads/my_project/jenkins-test/apache-tomcat-8.5.39-prod
28-Mar-2019 14:46:38.766 INFO [main] org.apache.catalina.startup.VersionLoggerListener.log Command line argument: -Dcatalina.home=/Users/can/Downloads/my_project/jenkins-test/apache-tomcat-8.5.39-prod
28-Mar-2019 14:46:38.766 INFO [main] org.apache.catalina.startup.VersionLoggerListener.log Command line argument: -Djava.io.tmpdir=/Users/can/Downloads/my_project/jenkins-test/apache-tomcat-8.5.39-prod/temp
28-Mar-2019 14:46:38.766 INFO [main] org.apache.catalina.core.AprLifecycleListener.lifecycleEvent The APR based Apache Tomcat Native library which allows optimal performance in production environments was not found on the java.library.path: [/Users/can/Library/Java/Extensions:/Library/Java/Extensions:/Network/Library/Java/Extensions:/System/Library/Java/Extensions:/usr/lib/java:.]
28-Mar-2019 14:46:38.884 INFO [main] org.apache.coyote.AbstractProtocol.init Initializing ProtocolHandler ["http-nio-9090"]
28-Mar-2019 14:46:38.911 SEVERE [main] org.apache.catalina.core.StandardService.initInternal Failed to initialize connector [Connector[HTTP/1.1-9090]]
 org.apache.catalina.LifecycleException: Failed to initialize component [Connector[HTTP/1.1-9090]]
	at org.apache.catalina.util.LifecycleBase.init(LifecycleBase.java:112)
	at org.apache.catalina.core.StandardService.initInternal(StandardService.java:552)
	at org.apache.catalina.util.LifecycleBase.init(LifecycleBase.java:107)
	at org.apache.catalina.core.StandardServer.initInternal(StandardServer.java:875)
	at org.apache.catalina.util.LifecycleBase.init(LifecycleBase.java:107)
	at org.apache.catalina.startup.Catalina.load(Catalina.java:639)
	at org.apache.catalina.startup.Catalina.load(Catalina.java:662)
	at sun.reflect.NativeMethodAccessorImpl.invoke0(Native Method)
	at sun.reflect.NativeMethodAccessorImpl.invoke(NativeMethodAccessorImpl.java:62)
	at sun.reflect.DelegatingMethodAccessorImpl.invoke(DelegatingMethodAccessorImpl.java:43)
	at java.lang.reflect.Method.invoke(Method.java:498)
	at org.apache.catalina.startup.Bootstrap.load(Bootstrap.java:309)
	at org.apache.catalina.startup.Bootstrap.main(Bootstrap.java:492)
Caused by: org.apache.catalina.LifecycleException: Protocol handler initialization failed
	at org.apache.catalina.connector.Connector.initInternal(Connector.java:995)
	at org.apache.catalina.util.LifecycleBase.init(LifecycleBase.java:107)
	... 12 more
Caused by: java.net.BindException: Address already in use
	at sun.nio.ch.Net.bind0(Native Method)
	at sun.nio.ch.Net.bind(Net.java:433)
	at sun.nio.ch.Net.bind(Net.java:425)
	at sun.nio.ch.ServerSocketChannelImpl.bind(ServerSocketChannelImpl.java:223)
	at sun.nio.ch.ServerSocketAdaptor.bind(ServerSocketAdaptor.java:74)
	at org.apache.tomcat.util.net.NioEndpoint.bind(NioEndpoint.java:219)
	at org.apache.tomcat.util.net.AbstractEndpoint.init(AbstractEndpoint.java:1105)
	at org.apache.tomcat.util.net.AbstractJsseEndpoint.init(AbstractJsseEndpoint.java:224)
	at org.apache.coyote.AbstractProtocol.init(AbstractProtocol.java:581)
	at org.apache.coyote.http11.AbstractHttp11Protocol.init(AbstractHttp11Protocol.java:68)
	at org.apache.catalina.connector.Connector.initInternal(Connector.java:993)
	... 13 more

28-Mar-2019 14:46:38.913 INFO [main] org.apache.coyote.AbstractProtocol.init Initializing ProtocolHandler ["ajp-nio-8009"]
28-Mar-2019 14:46:38.914 SEVERE [main] org.apache.catalina.core.StandardService.initInternal Failed to initialize connector [Connector[AJP/1.3-8009]]
 org.apache.catalina.LifecycleException: Failed to initialize component [Connector[AJP/1.3-8009]]
	at org.apache.catalina.util.LifecycleBase.init(LifecycleBase.java:112)
	at org.apache.catalina.core.StandardService.initInternal(StandardService.java:552)
	at org.apache.catalina.util.LifecycleBase.init(LifecycleBase.java:107)
	at org.apache.catalina.core.StandardServer.initInternal(StandardServer.java:875)
	at org.apache.catalina.util.LifecycleBase.init(LifecycleBase.java:107)
	at org.apache.catalina.startup.Catalina.load(Catalina.java:639)
	at org.apache.catalina.startup.Catalina.load(Catalina.java:662)
	at sun.reflect.NativeMethodAccessorImpl.invoke0(Native Method)
	at sun.reflect.NativeMethodAccessorImpl.invoke(NativeMethodAccessorImpl.java:62)
	at sun.reflect.DelegatingMethodAccessorImpl.invoke(DelegatingMethodAccessorImpl.java:43)
	at java.lang.reflect.Method.invoke(Method.java:498)
	at org.apache.catalina.startup.Bootstrap.load(Bootstrap.java:309)
	at org.apache.catalina.startup.Bootstrap.main(Bootstrap.java:492)
Caused by: org.apache.catalina.LifecycleException: Protocol handler initialization failed
	at org.apache.catalina.connector.Connector.initInternal(Connector.java:995)
	at org.apache.catalina.util.LifecycleBase.init(LifecycleBase.java:107)
	... 12 more
Caused by: java.net.BindException: Address already in use
	at sun.nio.ch.Net.bind0(Native Method)
	at sun.nio.ch.Net.bind(Net.java:433)
	at sun.nio.ch.Net.bind(Net.java:425)
	at sun.nio.ch.ServerSocketChannelImpl.bind(ServerSocketChannelImpl.java:223)
	at sun.nio.ch.ServerSocketAdaptor.bind(ServerSocketAdaptor.java:74)
	at org.apache.tomcat.util.net.NioEndpoint.bind(NioEndpoint.java:219)
	at org.apache.tomcat.util.net.AbstractEndpoint.init(AbstractEndpoint.java:1105)
	at org.apache.tomcat.util.net.AbstractJsseEndpoint.init(AbstractJsseEndpoint.java:224)
	at org.apache.coyote.AbstractProtocol.init(AbstractProtocol.java:581)
	at org.apache.catalina.connector.Connector.initInternal(Connector.java:993)
	... 13 more

28-Mar-2019 14:46:38.914 INFO [main] org.apache.catalina.startup.Catalina.load Initialization processed in 542 ms
28-Mar-2019 14:46:38.932 INFO [main] org.apache.catalina.core.StandardService.startInternal Starting service [Catalina]
28-Mar-2019 14:46:38.933 INFO [main] org.apache.catalina.core.StandardEngine.startInternal Starting Servlet Engine: Apache Tomcat/8.5.39
28-Mar-2019 14:46:38.949 INFO [localhost-startStop-1] org.apache.catalina.startup.HostConfig.deployWAR Deploying web application archive [/Users/can/Downloads/my_project/jenkins-test/apache-tomcat-8.5.39-prod/webapps/webapp.war]
28-Mar-2019 14:46:39.173 INFO [localhost-startStop-1] org.apache.catalina.startup.HostConfig.deployWAR Deployment of web application archive [/Users/can/Downloads/my_project/jenkins-test/apache-tomcat-8.5.39-prod/webapps/webapp.war] has finished in [224] ms
28-Mar-2019 14:46:39.174 INFO [localhost-startStop-1] org.apache.catalina.startup.HostConfig.deployDirectory Deploying web application directory [/Users/can/Downloads/my_project/jenkins-test/apache-tomcat-8.5.39-prod/webapps/docs]
28-Mar-2019 14:46:39.188 INFO [localhost-startStop-1] org.apache.catalina.startup.HostConfig.deployDirectory Deployment of web application directory [/Users/can/Downloads/my_project/jenkins-test/apache-tomcat-8.5.39-prod/webapps/docs] has finished in [13] ms
28-Mar-2019 14:46:39.188 INFO [localhost-startStop-1] org.apache.catalina.startup.HostConfig.deployDirectory Deploying web application directory [/Users/can/Downloads/my_project/jenkins-test/apache-tomcat-8.5.39-prod/webapps/manager]
28-Mar-2019 14:46:39.213 INFO [localhost-startStop-1] org.apache.catalina.startup.HostConfig.deployDirectory Deployment of web application directory [/Users/can/Downloads/my_project/jenkins-test/apache-tomcat-8.5.39-prod/webapps/manager] has finished in [25] ms
28-Mar-2019 14:46:39.213 INFO [localhost-startStop-1] org.apache.catalina.startup.HostConfig.deployDirectory Deploying web application directory [/Users/can/Downloads/my_project/jenkins-test/apache-tomcat-8.5.39-prod/webapps/examples]
28-Mar-2019 14:46:39.459 INFO [localhost-startStop-1] org.apache.catalina.startup.HostConfig.deployDirectory Deployment of web application directory [/Users/can/Downloads/my_project/jenkins-test/apache-tomcat-8.5.39-prod/webapps/examples] has finished in [246] ms
28-Mar-2019 14:46:39.459 INFO [localhost-startStop-1] org.apache.catalina.startup.HostConfig.deployDirectory Deploying web application directory [/Users/can/Downloads/my_project/jenkins-test/apache-tomcat-8.5.39-prod/webapps/ROOT]
28-Mar-2019 14:46:39.471 INFO [localhost-startStop-1] org.apache.catalina.startup.HostConfig.deployDirectory Deployment of web application directory [/Users/can/Downloads/my_project/jenkins-test/apache-tomcat-8.5.39-prod/webapps/ROOT] has finished in [12] ms
28-Mar-2019 14:46:39.471 INFO [localhost-startStop-1] org.apache.catalina.startup.HostConfig.deployDirectory Deploying web application directory [/Users/can/Downloads/my_project/jenkins-test/apache-tomcat-8.5.39-prod/webapps/host-manager]
28-Mar-2019 14:46:39.485 INFO [localhost-startStop-1] org.apache.catalina.startup.HostConfig.deployDirectory Deployment of web application directory [/Users/can/Downloads/my_project/jenkins-test/apache-tomcat-8.5.39-prod/webapps/host-manager] has finished in [14] ms
28-Mar-2019 14:46:39.487 INFO [main] org.apache.catalina.startup.Catalina.start Server startup in 572 ms
28-Mar-2019 14:46:39.492 SEVERE [main] org.apache.catalina.core.StandardServer.await StandardServer.await: create[localhost:8005]: 
 java.net.BindException: Address already in use (Bind failed)
	at java.net.PlainSocketImpl.socketBind(Native Method)
	at java.net.AbstractPlainSocketImpl.bind(AbstractPlainSocketImpl.java:387)
	at java.net.ServerSocket.bind(ServerSocket.java:375)
	at java.net.ServerSocket.<init>(ServerSocket.java:237)
	at org.apache.catalina.core.StandardServer.await(StandardServer.java:440)
	at org.apache.catalina.startup.Catalina.await(Catalina.java:776)
	at org.apache.catalina.startup.Catalina.start(Catalina.java:722)
	at sun.reflect.NativeMethodAccessorImpl.invoke0(Native Method)
	at sun.reflect.NativeMethodAccessorImpl.invoke(NativeMethodAccessorImpl.java:62)
	at sun.reflect.DelegatingMethodAccessorImpl.invoke(DelegatingMethodAccessorImpl.java:43)
	at java.lang.reflect.Method.invoke(Method.java:498)
	at org.apache.catalina.startup.Bootstrap.start(Bootstrap.java:353)
	at org.apache.catalina.startup.Bootstrap.main(Bootstrap.java:493)

28-Mar-2019 14:46:39.492 INFO [main] org.apache.coyote.AbstractProtocol.pause Pausing ProtocolHandler ["http-nio-9090"]
28-Mar-2019 14:46:39.492 INFO [main] org.apache.coyote.AbstractProtocol.pause Pausing ProtocolHandler ["ajp-nio-8009"]
28-Mar-2019 14:46:39.493 INFO [main] org.apache.catalina.core.StandardService.stopInternal Stopping service [Catalina]
28-Mar-2019 14:46:39.509 INFO [main] org.apache.coyote.AbstractProtocol.stop Stopping ProtocolHandler ["http-nio-9090"]
28-Mar-2019 14:46:39.509 INFO [main] org.apache.coyote.AbstractProtocol.destroy Destroying ProtocolHandler ["http-nio-9090"]
28-Mar-2019 14:46:39.510 INFO [main] org.apache.coyote.AbstractProtocol.stop Stopping ProtocolHandler ["ajp-nio-8009"]
28-Mar-2019 14:46:39.510 INFO [main] org.apache.coyote.AbstractProtocol.destroy Destroying ProtocolHandler ["ajp-nio-8009"]
28-Mar-2019 14:49:18.926 INFO [main] org.apache.catalina.startup.VersionLoggerListener.log Server version:        Apache Tomcat/8.5.39
28-Mar-2019 14:49:18.928 INFO [main] org.apache.catalina.startup.VersionLoggerListener.log Server built:          Mar 14 2019 11:24:26 UTC
28-Mar-2019 14:49:18.928 INFO [main] org.apache.catalina.startup.VersionLoggerListener.log Server number:         8.5.39.0
28-Mar-2019 14:49:18.929 INFO [main] org.apache.catalina.startup.VersionLoggerListener.log OS Name:               Mac OS X
28-Mar-2019 14:49:18.929 INFO [main] org.apache.catalina.startup.VersionLoggerListener.log OS Version:            10.14.2
28-Mar-2019 14:49:18.929 INFO [main] org.apache.catalina.startup.VersionLoggerListener.log Architecture:          x86_64
28-Mar-2019 14:49:18.929 INFO [main] org.apache.catalina.startup.VersionLoggerListener.log Java Home:             /Library/Java/JavaVirtualMachines/jdk1.8.0_161.jdk/Contents/Home/jre
28-Mar-2019 14:49:18.929 INFO [main] org.apache.catalina.startup.VersionLoggerListener.log JVM Version:           1.8.0_161-b12
28-Mar-2019 14:49:18.929 INFO [main] org.apache.catalina.startup.VersionLoggerListener.log JVM Vendor:            Oracle Corporation
28-Mar-2019 14:49:18.929 INFO [main] org.apache.catalina.startup.VersionLoggerListener.log CATALINA_BASE:         /Users/can/Downloads/my_project/jenkins-test/apache-tomcat-8.5.39-prod
28-Mar-2019 14:49:18.929 INFO [main] org.apache.catalina.startup.VersionLoggerListener.log CATALINA_HOME:         /Users/can/Downloads/my_project/jenkins-test/apache-tomcat-8.5.39-prod
28-Mar-2019 14:49:18.930 INFO [main] org.apache.catalina.startup.VersionLoggerListener.log Command line argument: -Djava.util.logging.config.file=/Users/can/Downloads/my_project/jenkins-test/apache-tomcat-8.5.39-prod/conf/logging.properties
28-Mar-2019 14:49:18.930 INFO [main] org.apache.catalina.startup.VersionLoggerListener.log Command line argument: -Djava.util.logging.manager=org.apache.juli.ClassLoaderLogManager
28-Mar-2019 14:49:18.930 INFO [main] org.apache.catalina.startup.VersionLoggerListener.log Command line argument: -Djdk.tls.ephemeralDHKeySize=2048
28-Mar-2019 14:49:18.930 INFO [main] org.apache.catalina.startup.VersionLoggerListener.log Command line argument: -Djava.protocol.handler.pkgs=org.apache.catalina.webresources
28-Mar-2019 14:49:18.930 INFO [main] org.apache.catalina.startup.VersionLoggerListener.log Command line argument: -Dorg.apache.catalina.security.SecurityListener.UMASK=0027
28-Mar-2019 14:49:18.930 INFO [main] org.apache.catalina.startup.VersionLoggerListener.log Command line argument: -Dignore.endorsed.dirs=
28-Mar-2019 14:49:18.930 INFO [main] org.apache.catalina.startup.VersionLoggerListener.log Command line argument: -Dcatalina.base=/Users/can/Downloads/my_project/jenkins-test/apache-tomcat-8.5.39-prod
28-Mar-2019 14:49:18.930 INFO [main] org.apache.catalina.startup.VersionLoggerListener.log Command line argument: -Dcatalina.home=/Users/can/Downloads/my_project/jenkins-test/apache-tomcat-8.5.39-prod
28-Mar-2019 14:49:18.931 INFO [main] org.apache.catalina.startup.VersionLoggerListener.log Command line argument: -Djava.io.tmpdir=/Users/can/Downloads/my_project/jenkins-test/apache-tomcat-8.5.39-prod/temp
28-Mar-2019 14:49:18.931 INFO [main] org.apache.catalina.core.AprLifecycleListener.lifecycleEvent The APR based Apache Tomcat Native library which allows optimal performance in production environments was not found on the java.library.path: [/Users/can/Library/Java/Extensions:/Library/Java/Extensions:/Network/Library/Java/Extensions:/System/Library/Java/Extensions:/usr/lib/java:.]
28-Mar-2019 14:49:19.048 INFO [main] org.apache.coyote.AbstractProtocol.init Initializing ProtocolHandler ["http-nio-9090"]
28-Mar-2019 14:49:19.066 SEVERE [main] org.apache.catalina.core.StandardService.initInternal Failed to initialize connector [Connector[HTTP/1.1-9090]]
 org.apache.catalina.LifecycleException: Failed to initialize component [Connector[HTTP/1.1-9090]]
	at org.apache.catalina.util.LifecycleBase.init(LifecycleBase.java:112)
	at org.apache.catalina.core.StandardService.initInternal(StandardService.java:552)
	at org.apache.catalina.util.LifecycleBase.init(LifecycleBase.java:107)
	at org.apache.catalina.core.StandardServer.initInternal(StandardServer.java:875)
	at org.apache.catalina.util.LifecycleBase.init(LifecycleBase.java:107)
	at org.apache.catalina.startup.Catalina.load(Catalina.java:639)
	at org.apache.catalina.startup.Catalina.load(Catalina.java:662)
	at sun.reflect.NativeMethodAccessorImpl.invoke0(Native Method)
	at sun.reflect.NativeMethodAccessorImpl.invoke(NativeMethodAccessorImpl.java:62)
	at sun.reflect.DelegatingMethodAccessorImpl.invoke(DelegatingMethodAccessorImpl.java:43)
	at java.lang.reflect.Method.invoke(Method.java:498)
	at org.apache.catalina.startup.Bootstrap.load(Bootstrap.java:309)
	at org.apache.catalina.startup.Bootstrap.main(Bootstrap.java:492)
Caused by: org.apache.catalina.LifecycleException: Protocol handler initialization failed
	at org.apache.catalina.connector.Connector.initInternal(Connector.java:995)
	at org.apache.catalina.util.LifecycleBase.init(LifecycleBase.java:107)
	... 12 more
Caused by: java.net.BindException: Address already in use
	at sun.nio.ch.Net.bind0(Native Method)
	at sun.nio.ch.Net.bind(Net.java:433)
	at sun.nio.ch.Net.bind(Net.java:425)
	at sun.nio.ch.ServerSocketChannelImpl.bind(ServerSocketChannelImpl.java:223)
	at sun.nio.ch.ServerSocketAdaptor.bind(ServerSocketAdaptor.java:74)
	at org.apache.tomcat.util.net.NioEndpoint.bind(NioEndpoint.java:219)
	at org.apache.tomcat.util.net.AbstractEndpoint.init(AbstractEndpoint.java:1105)
	at org.apache.tomcat.util.net.AbstractJsseEndpoint.init(AbstractJsseEndpoint.java:224)
	at org.apache.coyote.AbstractProtocol.init(AbstractProtocol.java:581)
	at org.apache.coyote.http11.AbstractHttp11Protocol.init(AbstractHttp11Protocol.java:68)
	at org.apache.catalina.connector.Connector.initInternal(Connector.java:993)
	... 13 more

28-Mar-2019 14:49:19.067 INFO [main] org.apache.coyote.AbstractProtocol.init Initializing ProtocolHandler ["ajp-nio-8010"]
28-Mar-2019 14:49:19.075 INFO [main] org.apache.tomcat.util.net.NioSelectorPool.getSharedSelector Using a shared selector for servlet write/read
28-Mar-2019 14:49:19.084 INFO [main] org.apache.catalina.startup.Catalina.load Initialization processed in 475 ms
28-Mar-2019 14:49:19.106 INFO [main] org.apache.catalina.core.StandardService.startInternal Starting service [Catalina]
28-Mar-2019 14:49:19.106 INFO [main] org.apache.catalina.core.StandardEngine.startInternal Starting Servlet Engine: Apache Tomcat/8.5.39
28-Mar-2019 14:49:19.123 INFO [localhost-startStop-1] org.apache.catalina.startup.HostConfig.deployWAR Deploying web application archive [/Users/can/Downloads/my_project/jenkins-test/apache-tomcat-8.5.39-prod/webapps/webapp.war]
28-Mar-2019 14:49:19.363 INFO [localhost-startStop-1] org.apache.catalina.startup.HostConfig.deployWAR Deployment of web application archive [/Users/can/Downloads/my_project/jenkins-test/apache-tomcat-8.5.39-prod/webapps/webapp.war] has finished in [239] ms
28-Mar-2019 14:49:19.363 INFO [localhost-startStop-1] org.apache.catalina.startup.HostConfig.deployDirectory Deploying web application directory [/Users/can/Downloads/my_project/jenkins-test/apache-tomcat-8.5.39-prod/webapps/docs]
28-Mar-2019 14:49:19.378 INFO [localhost-startStop-1] org.apache.catalina.startup.HostConfig.deployDirectory Deployment of web application directory [/Users/can/Downloads/my_project/jenkins-test/apache-tomcat-8.5.39-prod/webapps/docs] has finished in [15] ms
28-Mar-2019 14:49:19.378 INFO [localhost-startStop-1] org.apache.catalina.startup.HostConfig.deployDirectory Deploying web application directory [/Users/can/Downloads/my_project/jenkins-test/apache-tomcat-8.5.39-prod/webapps/manager]
28-Mar-2019 14:49:19.402 INFO [localhost-startStop-1] org.apache.catalina.startup.HostConfig.deployDirectory Deployment of web application directory [/Users/can/Downloads/my_project/jenkins-test/apache-tomcat-8.5.39-prod/webapps/manager] has finished in [24] ms
28-Mar-2019 14:49:19.402 INFO [localhost-startStop-1] org.apache.catalina.startup.HostConfig.deployDirectory Deploying web application directory [/Users/can/Downloads/my_project/jenkins-test/apache-tomcat-8.5.39-prod/webapps/examples]
28-Mar-2019 14:49:19.655 INFO [localhost-startStop-1] org.apache.catalina.startup.HostConfig.deployDirectory Deployment of web application directory [/Users/can/Downloads/my_project/jenkins-test/apache-tomcat-8.5.39-prod/webapps/examples] has finished in [253] ms
28-Mar-2019 14:49:19.655 INFO [localhost-startStop-1] org.apache.catalina.startup.HostConfig.deployDirectory Deploying web application directory [/Users/can/Downloads/my_project/jenkins-test/apache-tomcat-8.5.39-prod/webapps/ROOT]
28-Mar-2019 14:49:19.666 INFO [localhost-startStop-1] org.apache.catalina.startup.HostConfig.deployDirectory Deployment of web application directory [/Users/can/Downloads/my_project/jenkins-test/apache-tomcat-8.5.39-prod/webapps/ROOT] has finished in [11] ms
28-Mar-2019 14:49:19.666 INFO [localhost-startStop-1] org.apache.catalina.startup.HostConfig.deployDirectory Deploying web application directory [/Users/can/Downloads/my_project/jenkins-test/apache-tomcat-8.5.39-prod/webapps/host-manager]
28-Mar-2019 14:49:19.680 INFO [localhost-startStop-1] org.apache.catalina.startup.HostConfig.deployDirectory Deployment of web application directory [/Users/can/Downloads/my_project/jenkins-test/apache-tomcat-8.5.39-prod/webapps/host-manager] has finished in [14] ms
28-Mar-2019 14:49:19.682 INFO [main] org.apache.coyote.AbstractProtocol.start Starting ProtocolHandler ["ajp-nio-8010"]
28-Mar-2019 14:49:19.690 INFO [main] org.apache.catalina.startup.Catalina.start Server startup in 605 ms
28-Mar-2019 14:50:17.135 INFO [main] org.apache.catalina.core.StandardServer.await A valid shutdown command was received via the shutdown port. Stopping the Server instance.
28-Mar-2019 14:50:17.136 INFO [main] org.apache.coyote.AbstractProtocol.pause Pausing ProtocolHandler ["http-nio-9090"]
28-Mar-2019 14:50:17.146 INFO [main] org.apache.coyote.AbstractProtocol.pause Pausing ProtocolHandler ["ajp-nio-8009"]
28-Mar-2019 14:50:17.154 INFO [main] org.apache.catalina.core.StandardService.stopInternal Stopping service [Catalina]
28-Mar-2019 14:50:17.175 INFO [main] org.apache.coyote.AbstractProtocol.stop Stopping ProtocolHandler ["http-nio-9090"]
28-Mar-2019 14:50:17.177 INFO [main] org.apache.coyote.AbstractProtocol.stop Stopping ProtocolHandler ["ajp-nio-8009"]
28-Mar-2019 14:50:17.178 INFO [main] org.apache.coyote.AbstractProtocol.destroy Destroying ProtocolHandler ["http-nio-9090"]
28-Mar-2019 14:50:17.179 INFO [main] org.apache.coyote.AbstractProtocol.destroy Destroying ProtocolHandler ["ajp-nio-8009"]
28-Mar-2019 14:50:21.010 INFO [main] org.apache.catalina.core.StandardServer.await A valid shutdown command was received via the shutdown port. Stopping the Server instance.
28-Mar-2019 14:50:21.010 INFO [main] org.apache.coyote.AbstractProtocol.pause Pausing ProtocolHandler ["http-nio-9090"]
28-Mar-2019 14:50:21.010 INFO [main] org.apache.coyote.AbstractProtocol.pause Pausing ProtocolHandler ["ajp-nio-8010"]
28-Mar-2019 14:50:21.020 INFO [main] org.apache.catalina.core.StandardService.stopInternal Stopping service [Catalina]
28-Mar-2019 14:50:21.036 INFO [main] org.apache.coyote.AbstractProtocol.stop Stopping ProtocolHandler ["ajp-nio-8010"]
28-Mar-2019 14:50:21.041 INFO [main] org.apache.coyote.AbstractProtocol.stop Stopping ProtocolHandler ["http-nio-9090"]
28-Mar-2019 14:50:21.041 INFO [main] org.apache.coyote.AbstractProtocol.destroy Destroying ProtocolHandler ["http-nio-9090"]
28-Mar-2019 14:50:21.041 INFO [main] org.apache.coyote.AbstractProtocol.destroy Destroying ProtocolHandler ["ajp-nio-8010"]
28-Mar-2019 14:50:38.372 INFO [main] org.apache.catalina.startup.VersionLoggerListener.log Server version:        Apache Tomcat/8.5.39
28-Mar-2019 14:50:38.375 INFO [main] org.apache.catalina.startup.VersionLoggerListener.log Server built:          Mar 14 2019 11:24:26 UTC
28-Mar-2019 14:50:38.375 INFO [main] org.apache.catalina.startup.VersionLoggerListener.log Server number:         8.5.39.0
28-Mar-2019 14:50:38.375 INFO [main] org.apache.catalina.startup.VersionLoggerListener.log OS Name:               Mac OS X
28-Mar-2019 14:50:38.375 INFO [main] org.apache.catalina.startup.VersionLoggerListener.log OS Version:            10.14.2
28-Mar-2019 14:50:38.375 INFO [main] org.apache.catalina.startup.VersionLoggerListener.log Architecture:          x86_64
28-Mar-2019 14:50:38.375 INFO [main] org.apache.catalina.startup.VersionLoggerListener.log Java Home:             /Library/Java/JavaVirtualMachines/jdk1.8.0_161.jdk/Contents/Home/jre
28-Mar-2019 14:50:38.375 INFO [main] org.apache.catalina.startup.VersionLoggerListener.log JVM Version:           1.8.0_161-b12
28-Mar-2019 14:50:38.375 INFO [main] org.apache.catalina.startup.VersionLoggerListener.log JVM Vendor:            Oracle Corporation
28-Mar-2019 14:50:38.375 INFO [main] org.apache.catalina.startup.VersionLoggerListener.log CATALINA_BASE:         /Users/can/Downloads/my_project/jenkins-test/apache-tomcat-8.5.39-prod
28-Mar-2019 14:50:38.375 INFO [main] org.apache.catalina.startup.VersionLoggerListener.log CATALINA_HOME:         /Users/can/Downloads/my_project/jenkins-test/apache-tomcat-8.5.39-prod
28-Mar-2019 14:50:38.376 INFO [main] org.apache.catalina.startup.VersionLoggerListener.log Command line argument: -Djava.util.logging.config.file=/Users/can/Downloads/my_project/jenkins-test/apache-tomcat-8.5.39-prod/conf/logging.properties
28-Mar-2019 14:50:38.376 INFO [main] org.apache.catalina.startup.VersionLoggerListener.log Command line argument: -Djava.util.logging.manager=org.apache.juli.ClassLoaderLogManager
28-Mar-2019 14:50:38.376 INFO [main] org.apache.catalina.startup.VersionLoggerListener.log Command line argument: -Djdk.tls.ephemeralDHKeySize=2048
28-Mar-2019 14:50:38.376 INFO [main] org.apache.catalina.startup.VersionLoggerListener.log Command line argument: -Djava.protocol.handler.pkgs=org.apache.catalina.webresources
28-Mar-2019 14:50:38.376 INFO [main] org.apache.catalina.startup.VersionLoggerListener.log Command line argument: -Dorg.apache.catalina.security.SecurityListener.UMASK=0027
28-Mar-2019 14:50:38.377 INFO [main] org.apache.catalina.startup.VersionLoggerListener.log Command line argument: -Dignore.endorsed.dirs=
28-Mar-2019 14:50:38.377 INFO [main] org.apache.catalina.startup.VersionLoggerListener.log Command line argument: -Dcatalina.base=/Users/can/Downloads/my_project/jenkins-test/apache-tomcat-8.5.39-prod
28-Mar-2019 14:50:38.377 INFO [main] org.apache.catalina.startup.VersionLoggerListener.log Command line argument: -Dcatalina.home=/Users/can/Downloads/my_project/jenkins-test/apache-tomcat-8.5.39-prod
28-Mar-2019 14:50:38.377 INFO [main] org.apache.catalina.startup.VersionLoggerListener.log Command line argument: -Djava.io.tmpdir=/Users/can/Downloads/my_project/jenkins-test/apache-tomcat-8.5.39-prod/temp
28-Mar-2019 14:50:38.377 INFO [main] org.apache.catalina.core.AprLifecycleListener.lifecycleEvent The APR based Apache Tomcat Native library which allows optimal performance in production environments was not found on the java.library.path: [/Users/can/Library/Java/Extensions:/Library/Java/Extensions:/Network/Library/Java/Extensions:/System/Library/Java/Extensions:/usr/lib/java:.]
28-Mar-2019 14:50:38.479 INFO [main] org.apache.coyote.AbstractProtocol.init Initializing ProtocolHandler ["http-nio-8081"]
28-Mar-2019 14:50:38.505 INFO [main] org.apache.tomcat.util.net.NioSelectorPool.getSharedSelector Using a shared selector for servlet write/read
28-Mar-2019 14:50:38.515 INFO [main] org.apache.coyote.AbstractProtocol.init Initializing ProtocolHandler ["ajp-nio-8010"]
28-Mar-2019 14:50:38.516 INFO [main] org.apache.tomcat.util.net.NioSelectorPool.getSharedSelector Using a shared selector for servlet write/read
28-Mar-2019 14:50:38.516 INFO [main] org.apache.catalina.startup.Catalina.load Initialization processed in 458 ms
28-Mar-2019 14:50:38.542 INFO [main] org.apache.catalina.core.StandardService.startInternal Starting service [Catalina]
28-Mar-2019 14:50:38.542 INFO [main] org.apache.catalina.core.StandardEngine.startInternal Starting Servlet Engine: Apache Tomcat/8.5.39
28-Mar-2019 14:50:38.558 INFO [localhost-startStop-1] org.apache.catalina.startup.HostConfig.deployWAR Deploying web application archive [/Users/can/Downloads/my_project/jenkins-test/apache-tomcat-8.5.39-prod/webapps/webapp.war]
28-Mar-2019 14:50:38.882 INFO [localhost-startStop-1] org.apache.catalina.startup.HostConfig.deployWAR Deployment of web application archive [/Users/can/Downloads/my_project/jenkins-test/apache-tomcat-8.5.39-prod/webapps/webapp.war] has finished in [323] ms
28-Mar-2019 14:50:38.882 INFO [localhost-startStop-1] org.apache.catalina.startup.HostConfig.deployDirectory Deploying web application directory [/Users/can/Downloads/my_project/jenkins-test/apache-tomcat-8.5.39-prod/webapps/docs]
28-Mar-2019 14:50:38.896 INFO [localhost-startStop-1] org.apache.catalina.startup.HostConfig.deployDirectory Deployment of web application directory [/Users/can/Downloads/my_project/jenkins-test/apache-tomcat-8.5.39-prod/webapps/docs] has finished in [14] ms
28-Mar-2019 14:50:38.896 INFO [localhost-startStop-1] org.apache.catalina.startup.HostConfig.deployDirectory Deploying web application directory [/Users/can/Downloads/my_project/jenkins-test/apache-tomcat-8.5.39-prod/webapps/manager]
28-Mar-2019 14:50:38.921 INFO [localhost-startStop-1] org.apache.catalina.startup.HostConfig.deployDirectory Deployment of web application directory [/Users/can/Downloads/my_project/jenkins-test/apache-tomcat-8.5.39-prod/webapps/manager] has finished in [25] ms
28-Mar-2019 14:50:38.921 INFO [localhost-startStop-1] org.apache.catalina.startup.HostConfig.deployDirectory Deploying web application directory [/Users/can/Downloads/my_project/jenkins-test/apache-tomcat-8.5.39-prod/webapps/examples]
28-Mar-2019 14:50:39.154 INFO [localhost-startStop-1] org.apache.catalina.startup.HostConfig.deployDirectory Deployment of web application directory [/Users/can/Downloads/my_project/jenkins-test/apache-tomcat-8.5.39-prod/webapps/examples] has finished in [233] ms
28-Mar-2019 14:50:39.155 INFO [localhost-startStop-1] org.apache.catalina.startup.HostConfig.deployDirectory Deploying web application directory [/Users/can/Downloads/my_project/jenkins-test/apache-tomcat-8.5.39-prod/webapps/ROOT]
28-Mar-2019 14:50:39.166 INFO [localhost-startStop-1] org.apache.catalina.startup.HostConfig.deployDirectory Deployment of web application directory [/Users/can/Downloads/my_project/jenkins-test/apache-tomcat-8.5.39-prod/webapps/ROOT] has finished in [11] ms
28-Mar-2019 14:50:39.166 INFO [localhost-startStop-1] org.apache.catalina.startup.HostConfig.deployDirectory Deploying web application directory [/Users/can/Downloads/my_project/jenkins-test/apache-tomcat-8.5.39-prod/webapps/host-manager]
28-Mar-2019 14:50:39.181 INFO [localhost-startStop-1] org.apache.catalina.startup.HostConfig.deployDirectory Deployment of web application directory [/Users/can/Downloads/my_project/jenkins-test/apache-tomcat-8.5.39-prod/webapps/host-manager] has finished in [15] ms
28-Mar-2019 14:50:39.183 INFO [main] org.apache.coyote.AbstractProtocol.start Starting ProtocolHandler ["http-nio-8081"]
28-Mar-2019 14:50:39.189 INFO [main] org.apache.coyote.AbstractProtocol.start Starting ProtocolHandler ["ajp-nio-8010"]
28-Mar-2019 14:50:39.191 INFO [main] org.apache.catalina.startup.Catalina.start Server startup in 675 ms
28-Mar-2019 14:56:25.313 INFO [http-nio-8081-exec-8] org.apache.catalina.startup.HostConfig.undeploy Undeploying context [/webapp]
28-Mar-2019 14:56:25.327 INFO [http-nio-8081-exec-6] org.apache.catalina.startup.HostConfig.deployWAR Deploying web application archive [/Users/can/Downloads/my_project/jenkins-test/apache-tomcat-8.5.39-prod/webapps/webapp.war]
28-Mar-2019 14:56:25.350 INFO [http-nio-8081-exec-6] org.apache.catalina.startup.HostConfig.deployWAR Deployment of web application archive [/Users/can/Downloads/my_project/jenkins-test/apache-tomcat-8.5.39-prod/webapps/webapp.war] has finished in [23] ms
