28-Mar-2019 14:11:29.691 INFO [http-nio-8090-exec-2] org.apache.catalina.core.ApplicationContext.log Manager: init: Associated with Deployer 'Catalina:type=Deployer,host=localhost'
28-Mar-2019 14:11:29.691 INFO [http-nio-8090-exec-2] org.apache.catalina.core.ApplicationContext.log Manager: init: Global resources are available
28-Mar-2019 14:11:29.697 INFO [http-nio-8090-exec-2] org.apache.catalina.core.ApplicationContext.log Manager: list: Listing contexts for virtual host 'localhost'
28-Mar-2019 14:11:29.746 INFO [http-nio-8090-exec-3] org.apache.catalina.core.ApplicationContext.log Manager: deploy: Deploying web application '/webapp'
28-Mar-2019 14:11:29.747 INFO [http-nio-8090-exec-3] org.apache.catalina.core.ApplicationContext.log Manager: Uploading WAR file to /Users/can/Downloads/my_project/jenkins-test/apache-tomcat-8.5.39/webapps/webapp.war
28-Mar-2019 14:15:37.531 INFO [http-nio-8090-exec-10] org.apache.catalina.core.ApplicationContext.log Manager: list: Listing contexts for virtual host 'localhost'
28-Mar-2019 14:15:37.534 INFO [http-nio-8090-exec-1] org.apache.catalina.core.ApplicationContext.log Manager: list: Listing contexts for virtual host 'localhost'
28-Mar-2019 14:15:37.535 INFO [http-nio-8090-exec-2] org.apache.catalina.core.ApplicationContext.log Manager: undeploy: Undeploying web application at '/webapp'
28-Mar-2019 14:15:38.068 INFO [http-nio-8090-exec-1] org.apache.catalina.core.ApplicationContext.log Manager: deploy: Deploying web application '/webapp'
28-Mar-2019 14:15:38.068 INFO [http-nio-8090-exec-1] org.apache.catalina.core.ApplicationContext.log Manager: Uploading WAR file to /Users/can/Downloads/my_project/jenkins-test/apache-tomcat-8.5.39/webapps/webapp.war
28-Mar-2019 14:15:52.743 INFO [http-nio-8090-exec-10] org.apache.catalina.core.ApplicationContext.log Manager: list: Listing contexts for virtual host 'localhost'
28-Mar-2019 14:15:52.745 INFO [http-nio-8090-exec-4] org.apache.catalina.core.ApplicationContext.log Manager: list: Listing contexts for virtual host 'localhost'
28-Mar-2019 14:15:52.746 INFO [http-nio-8090-exec-8] org.apache.catalina.core.ApplicationContext.log Manager: undeploy: Undeploying web application at '/webapp'
28-Mar-2019 14:15:53.265 INFO [http-nio-8090-exec-1] org.apache.catalina.core.ApplicationContext.log Manager: deploy: Deploying web application '/webapp'
28-Mar-2019 14:15:53.265 INFO [http-nio-8090-exec-1] org.apache.catalina.core.ApplicationContext.log Manager: Uploading WAR file to /Users/can/Downloads/my_project/jenkins-test/apache-tomcat-8.5.39/webapps/webapp.war
28-Mar-2019 14:20:21.296 INFO [http-nio-8090-exec-14] org.apache.catalina.core.ApplicationContext.log Manager: list: Listing contexts for virtual host 'localhost'
28-Mar-2019 14:20:21.298 INFO [http-nio-8090-exec-15] org.apache.catalina.core.ApplicationContext.log Manager: list: Listing contexts for virtual host 'localhost'
28-Mar-2019 14:20:21.299 INFO [http-nio-8090-exec-16] org.apache.catalina.core.ApplicationContext.log Manager: undeploy: Undeploying web application at '/webapp'
28-Mar-2019 14:20:21.812 INFO [http-nio-8090-exec-1] org.apache.catalina.core.ApplicationContext.log Manager: deploy: Deploying web application '/webapp'
28-Mar-2019 14:20:21.812 INFO [http-nio-8090-exec-1] org.apache.catalina.core.ApplicationContext.log Manager: Uploading WAR file to /Users/can/Downloads/my_project/jenkins-test/apache-tomcat-8.5.39/webapps/webapp.war
28-Mar-2019 14:56:24.791 INFO [http-nio-8081-exec-5] org.apache.catalina.core.ApplicationContext.log Manager: init: Associated with Deployer 'Catalina:type=Deployer,host=localhost'
28-Mar-2019 14:56:24.791 INFO [http-nio-8081-exec-5] org.apache.catalina.core.ApplicationContext.log Manager: init: Global resources are available
28-Mar-2019 14:56:24.792 INFO [http-nio-8081-exec-5] org.apache.catalina.core.ApplicationContext.log Manager: list: Listing contexts for virtual host 'localhost'
28-Mar-2019 14:56:24.794 INFO [http-nio-8081-exec-6] org.apache.catalina.core.ApplicationContext.log Manager: list: Listing contexts for virtual host 'localhost'
28-Mar-2019 14:56:24.796 INFO [http-nio-8081-exec-8] org.apache.catalina.core.ApplicationContext.log Manager: undeploy: Undeploying web application at '/webapp'
28-Mar-2019 14:56:25.325 INFO [http-nio-8081-exec-6] org.apache.catalina.core.ApplicationContext.log Manager: deploy: Deploying web application '/webapp'
28-Mar-2019 14:56:25.325 INFO [http-nio-8081-exec-6] org.apache.catalina.core.ApplicationContext.log Manager: Uploading WAR file to /Users/can/Downloads/my_project/jenkins-test/apache-tomcat-8.5.39-prod/webapps/webapp.war
